actionid: tox
msg: packaging
cmdargs: ['/Library/Frameworks/Python.framework/Versions/2.7/Resources/Python.app/Contents/MacOS/Python', local('/Users/anas/python/diastema/setup.py'), 'sdist', '--formats=zip', '--dist-dir', local('/Users/anas/python/diastema/.tox/dist')]
env: None

running sdist
running egg_info
writing pbr to diastema.egg-info/pbr.json
writing requirements to diastema.egg-info/requires.txt
writing diastema.egg-info/PKG-INFO
writing top-level names to diastema.egg-info/top_level.txt
writing dependency_links to diastema.egg-info/dependency_links.txt
reading manifest file 'diastema.egg-info/SOURCES.txt'
writing manifest file 'diastema.egg-info/SOURCES.txt'
running check
creating diastema-0.0.4
creating diastema-0.0.4/diastema
creating diastema-0.0.4/diastema.egg-info
making hard links in diastema-0.0.4...
hard linking README.rst -> diastema-0.0.4
hard linking setup.py -> diastema-0.0.4
hard linking diastema/__init__.py -> diastema-0.0.4/diastema
hard linking diastema/diastema.py -> diastema-0.0.4/diastema
hard linking diastema/extractor_predominantmelody.py -> diastema-0.0.4/diastema
hard linking diastema/intervalles.py -> diastema-0.0.4/diastema
hard linking diastema.egg-info/PKG-INFO -> diastema-0.0.4/diastema.egg-info
hard linking diastema.egg-info/SOURCES.txt -> diastema-0.0.4/diastema.egg-info
hard linking diastema.egg-info/dependency_links.txt -> diastema-0.0.4/diastema.egg-info
hard linking diastema.egg-info/not-zip-safe -> diastema-0.0.4/diastema.egg-info
hard linking diastema.egg-info/pbr.json -> diastema-0.0.4/diastema.egg-info
hard linking diastema.egg-info/requires.txt -> diastema-0.0.4/diastema.egg-info
hard linking diastema.egg-info/top_level.txt -> diastema-0.0.4/diastema.egg-info
Writing diastema-0.0.4/setup.cfg
creating .tox/dist
creating '.tox/dist/diastema-0.0.4.zip' and adding 'diastema-0.0.4' to it
adding 'diastema-0.0.4/PKG-INFO'
adding 'diastema-0.0.4/README.rst'
adding 'diastema-0.0.4/setup.cfg'
adding 'diastema-0.0.4/setup.py'
adding 'diastema-0.0.4/diastema/__init__.py'
adding 'diastema-0.0.4/diastema/diastema.py'
adding 'diastema-0.0.4/diastema/extractor_predominantmelody.py'
adding 'diastema-0.0.4/diastema/intervalles.py'
adding 'diastema-0.0.4/diastema.egg-info/dependency_links.txt'
adding 'diastema-0.0.4/diastema.egg-info/not-zip-safe'
adding 'diastema-0.0.4/diastema.egg-info/pbr.json'
adding 'diastema-0.0.4/diastema.egg-info/PKG-INFO'
adding 'diastema-0.0.4/diastema.egg-info/requires.txt'
adding 'diastema-0.0.4/diastema.egg-info/SOURCES.txt'
adding 'diastema-0.0.4/diastema.egg-info/top_level.txt'
removing 'diastema-0.0.4' (and everything under it)
